Determining if the pthread_create exist failed with the following output:
Change Dir: /home/elijah/catkin_ws/build/CMakeFiles/CMakeTmp

Run Build Command:"/usr/bin/make" "cmTC_58364/fast"
/usr/bin/make -f CMakeFiles/cmTC_58364.dir/build.make CMakeFiles/cmTC_58364.dir/build
make[1]: Entering directory '/home/elijah/catkin_ws/build/CMakeFiles/CMakeTmp'
Building C object CMakeFiles/cmTC_58364.dir/CheckSymbolExists.c.o
/usr/bin/cc    -o CMakeFiles/cmTC_58364.dir/CheckSymbolExists.c.o   -c /home/elijah/catkin_ws/build/CMakeFiles/CMakeTmp/CheckSymbolExists.c
Linking C executable cmTC_58364
/usr/bin/cmake -E cmake_link_script CMakeFiles/cmTC_58364.dir/link.txt --verbose=1
/usr/bin/cc      -rdynamic CMakeFiles/cmTC_58364.dir/CheckSymbolExists.c.o  -o cmTC_58364 
CMakeFiles/cmTC_58364.dir/CheckSymbolExists.c.o: In function `main':
CheckSymbolExists.c:(.text+0x1b): undefined reference to `pthread_create'
collect2: error: ld returned 1 exit status
CMakeFiles/cmTC_58364.dir/build.make:97: recipe for target 'cmTC_58364' failed
make[1]: *** [cmTC_58364] Error 1
make[1]: Leaving directory '/home/elijah/catkin_ws/build/CMakeFiles/CMakeTmp'
Makefile:126: recipe for target 'cmTC_58364/fast' failed
make: *** [cmTC_58364/fast] Error 2

File /home/elijah/catkin_ws/build/CMakeFiles/CMakeTmp/CheckSymbolExists.c:
/* */
#include <pthread.h>

int main(int argc, char** argv)
{
  (void)argv;
#ifndef pthread_create
  return ((int*)(&pthread_create))[argc];
#else
  (void)argc;
  return 0;
#endif
}

Determining if the function pthread_create exists in the pthreads failed with the following output:
Change Dir: /home/elijah/catkin_ws/build/CMakeFiles/CMakeTmp

Run Build Command:"/usr/bin/make" "cmTC_a8bec/fast"
/usr/bin/make -f CMakeFiles/cmTC_a8bec.dir/build.make CMakeFiles/cmTC_a8bec.dir/build
make[1]: Entering directory '/home/elijah/catkin_ws/build/CMakeFiles/CMakeTmp'
Building C object CMakeFiles/cmTC_a8bec.dir/CheckFunctionExists.c.o
/usr/bin/cc   -DCHECK_FUNCTION_EXISTS=pthread_create   -o CMakeFiles/cmTC_a8bec.dir/CheckFunctionExists.c.o   -c /usr/share/cmake-3.10/Modules/CheckFunctionExists.c
Linking C executable cmTC_a8bec
/usr/bin/cmake -E cmake_link_script CMakeFiles/cmTC_a8bec.dir/link.txt --verbose=1
/usr/bin/cc  -DCHECK_FUNCTION_EXISTS=pthread_create    -rdynamic CMakeFiles/cmTC_a8bec.dir/CheckFunctionExists.c.o  -o cmTC_a8bec -lpthreads 
/usr/bin/x86_64-linux-gnu-ld: cannot find -lpthreads
collect2: error: ld returned 1 exit status
CMakeFiles/cmTC_a8bec.dir/build.make:97: recipe for target 'cmTC_a8bec' failed
make[1]: *** [cmTC_a8bec] Error 1
make[1]: Leaving directory '/home/elijah/catkin_ws/build/CMakeFiles/CMakeTmp'
Makefile:126: recipe for target 'cmTC_a8bec/fast' failed
make: *** [cmTC_a8bec/fast] Error 2


